2020-02-25T12:33:21.109Z [info]: Database restoring complete!
2020-02-25T13:01:05.982Z [info]: Listening on port... 4001
2020-02-25T13:01:05.985Z [info]: Connection has been established successfully!
2020-02-25T13:01:07.619Z [info]: Database restoring in process...
2020-02-25T13:01:07.798Z [info]: Database restoring complete!
2020-02-25T13:01:31.637Z [info]: Listening on port... 4001
2020-02-25T13:01:31.639Z [info]: Connection has been established successfully!
2020-02-25T13:01:32.586Z [info]: method: GET url: /groups params: {} query: {} body: {} executionTime: 650 mls
2020-02-25T13:01:33.494Z [info]: Database restoring in process...
2020-02-25T13:01:33.666Z [info]: Database restoring complete!
2020-02-25T13:01:37.632Z [error]: status: 404, message: This route is not exist!
2020-02-25T13:01:37.636Z [info]: method: GET url: /user-groups params: {} query: {} body: {} executionTime: 5 mls
2020-02-25T13:01:41.188Z [error]: status: 404, message: This route is not exist!
2020-02-25T13:01:41.190Z [info]: method: GET url: /users-group params: {} query: {} body: {} executionTime: 2 mls
2020-02-25T13:01:59.854Z [error]: status: 404, message: This route is not exist!
2020-02-25T13:01:59.856Z [info]: method: GET url: /user-groups params: {} query: {} body: {} executionTime: 2 mls
2020-02-25T13:02:02.147Z [error]: status: 404, message: This route is not exist!
2020-02-25T13:02:02.148Z [info]: method: GET url: /user_groups params: {} query: {} body: {} executionTime: 1 mls
2020-02-25T13:02:07.524Z [error]: status: 404, message: This route is not exist!
2020-02-25T13:02:07.526Z [info]: method: GET url: /userGroups params: {} query: {} body: {} executionTime: 2 mls
2020-02-25T13:02:12.938Z [error]: status: 404, message: This route is not exist!
2020-02-25T13:02:12.940Z [info]: method: GET url: /user-groups params: {} query: {} body: {} executionTime: 2 mls
2020-02-25T13:02:28.285Z [error]: status: 404, message: This route is not exist!
2020-02-25T13:02:28.286Z [info]: method: GET url: /users_group params: {} query: {} body: {} executionTime: 1 mls
2020-02-25T13:02:49.384Z [info]: method: GET url: /groups params: {} query: {} body: {} executionTime: 438 mls
